<html>
<body>
<pre>
<h1>Vision Build Log</h1>
<h2>Project:</h2>
F:\暑期实训\学习板\综合\demo.uvproj
Project File Date:  09/15/2020

<h2>Output:</h2>
Rebuild target 'Target 1'
assembling STARTUP.A51...
compiling demo.c...
demo.c(209): error C202: 'light_bai': undefined identifier
demo.c(210): error C202: 'light_shi': undefined identifier
demo.c(211): error C202: 'light_ge': undefined identifier
demo.c(224): error C202: 'time': undefined identifier
demo.c(227): error C202: 'time': undefined identifier
demo.c(232): error C202: 'time': undefined identifier
Target not created
Rebuild target 'Target 1'
assembling STARTUP.A51...
compiling demo.c...
demo.c(228): error C202: 'time': undefined identifier
demo.c(231): error C202: 'time': undefined identifier
demo.c(236): error C202: 'time': undefined identifier
Target not created
Rebuild target 'Target 1'
assembling STARTUP.A51...
compiling demo.c...
demo.c(299): warning C206: 'weixuan': missing function-prototype
demo.c(299): error C267: 'weixuan': requires ANSI-style prototype
Target not created
Rebuild target 'Target 1'
assembling STARTUP.A51...
compiling demo.c...
demo.c(310): warning C206: 'Delay': missing function-prototype
demo.c(310): error C267: 'Delay': requires ANSI-style prototype
Target not created
Rebuild target 'Target 1'
assembling STARTUP.A51...
compiling demo.c...
linking...
Program Size: data=111.0 xdata=0 code=2136
creating hex file from "demo"...
"demo" - 0 Error(s), 0 Warning(s).
Rebuild target 'Target 1'
assembling STARTUP.A51...
compiling demo.c...
linking...
*** WARNING L16: UNCALLED SEGMENT, IGNORED FOR OVERLAY PROCESS
    SEGMENT: ?PR?INITADC_LIGHT?DEMO
*** WARNING L16: UNCALLED SEGMENT, IGNORED FOR OVERLAY PROCESS
    SEGMENT: ?PR?DATE_PROCESSLIGHT?DEMO
Program Size: data=103.0 xdata=0 code=1748
creating hex file from "demo"...
"demo" - 0 Error(s), 2 Warning(s).
Rebuild target 'Target 1'
assembling STARTUP.A51...
compiling demo.c...
demo.c(267): error C100: unprintable character 0xD6 skipped
demo.c(267): error C100: unprintable character 0xD0 skipped
demo.c(267): error C100: unprintable character 0xB6 skipped
demo.c(267): error C100: unprintable character 0xCF skipped
demo.c(268): error C129: missing ';' before 'void'
Target not created
Rebuild target 'Target 1'
assembling STARTUP.A51...
compiling demo.c...
linking...
Program Size: data=111.0 xdata=0 code=2136
creating hex file from "demo"...
"demo" - 0 Error(s), 0 Warning(s).
Rebuild target 'Target 1'
assembling STARTUP.A51...
compiling demo.c...
linking...
Program Size: data=111.0 xdata=0 code=2136
creating hex file from "demo"...
"demo" - 0 Error(s), 0 Warning(s).
Rebuild target 'Target 1'
assembling STARTUP.A51...
compiling demo.c...
linking...
Program Size: data=111.0 xdata=0 code=2138
creating hex file from "demo"...
"demo" - 0 Error(s), 0 Warning(s).
